<?xml version="1.0" encoding="UTF-8"?>
<!-- Generated by org.testng.reporters.JUnitReportReporter -->
<testsuite name="com.qa.test.ExtentReportTest" tests="2" time="64.847" ignored="0" failures="0" timestamp="25 Jul 2019 07:46:56 GMT" skipped="0" hostname="DESKTOP-5JI0NAQ" errors="0">
  <testcase name="googleTitleTest" time="40.271" classname="com.qa.test.ExtentReportTest"/>
  <testcase name="googleLogoTest" time="24.576" classname="com.qa.test.ExtentReportTest"/>
</testsuite> <!-- com.qa.test.ExtentReportTest -->
